c:\users\user\desktop\coursework\coursework\x64\debug\vc143.pdb
c:\users\user\desktop\coursework\coursework\x64\debug\vc143.idb
c:\users\user\desktop\coursework\coursework\x64\debug\roomtypegenerator.obj
c:\users\user\desktop\coursework\coursework\x64\debug\roomsizemanager.obj
c:\users\user\desktop\coursework\coursework\x64\debug\portalcreator.obj
c:\users\user\desktop\coursework\coursework\x64\debug\locationtransformation.obj
c:\users\user\desktop\coursework\coursework\x64\debug\locationplaceholder.obj
c:\users\user\desktop\coursework\coursework\x64\debug\locationinfo.obj
c:\users\user\desktop\coursework\coursework\x64\debug\gamefieldcreator.obj
c:\users\user\desktop\coursework\coursework\x64\debug\arenacreator.obj
c:\users\user\desktop\coursework\coursework\x64\debug\dooropening.obj
c:\users\user\desktop\coursework\coursework\x64\debug\boundarycreator.obj
c:\users\user\desktop\coursework\coursework\x64\debug\backgroundcreator.obj
c:\users\user\desktop\coursework\coursework\x64\debug\fileutils.obj
c:\users\user\desktop\coursework\coursework\x64\debug\filemanager.obj
c:\users\user\desktop\coursework\coursework\x64\debug\replaceableelement.obj
c:\users\user\desktop\coursework\coursework\x64\debug\elementcreator.obj
c:\users\user\desktop\coursework\coursework\x64\debug\element.obj
c:\users\user\desktop\coursework\coursework\x64\debug\randomgenerator.obj
c:\users\user\desktop\coursework\coursework\x64\debug\levelparameters.obj
c:\users\user\desktop\coursework\coursework\x64\debug\exponentgenerator.obj
c:\users\user\desktop\coursework\coursework\x64\debug\main.obj
c:\users\user\desktop\coursework\coursework\x64\debug\playerexecutor.obj
c:\users\user\desktop\coursework\coursework\x64\debug\bulletexecutor.obj
c:\users\user\desktop\coursework\coursework\x64\debug\animationexecutor.obj
c:\users\user\desktop\coursework\coursework\x64\debug\entitydamagemanager.obj
c:\users\user\desktop\coursework\coursework\x64\debug\entitycreator.obj
c:\users\user\desktop\coursework\coursework\x64\debug\dyingeffectanimator.obj
c:\users\user\desktop\coursework\coursework\x64\debug\playercreator.obj
c:\users\user\desktop\coursework\coursework\x64\debug\player.obj
c:\users\user\desktop\coursework\coursework\x64\debug\control.obj
c:\users\user\desktop\coursework\coursework\x64\debug\fightingentity.obj
c:\users\user\desktop\coursework\coursework\x64\debug\entity.obj
c:\users\user\desktop\coursework\coursework\x64\debug\enemy.obj
c:\users\user\desktop\coursework\coursework\x64\debug\gunmanager.obj
c:\users\user\desktop\coursework\coursework\x64\debug\gun.obj
c:\users\user\desktop\coursework\coursework\x64\debug\entitycomponent.obj
c:\users\user\desktop\coursework\coursework\x64\debug\character.obj
c:\users\user\desktop\coursework\coursework\x64\debug\bulletcreator.obj
c:\users\user\desktop\coursework\coursework\x64\debug\bullet.obj
c:\users\user\desktop\coursework\coursework\x64\debug\roomcreator.obj
c:\users\user\desktop\coursework\coursework\x64\debug\location.obj
c:\users\user\desktop\coursework\coursework\x64\debug\collisiondetection.obj
c:\users\user\desktop\coursework\coursework\x64\debug\axis.obj
c:\users\user\desktop\coursework\coursework\x64\debug\windowparam.obj
c:\users\user\desktop\coursework\coursework\x64\debug\statechangerforanimated.obj
c:\users\user\desktop\coursework\coursework\x64\debug\spritedrawer.obj
c:\users\user\desktop\coursework\coursework\x64\debug\render.obj
c:\users\user\desktop\coursework\coursework\x64\debug\gameupdater.obj
c:\users\user\desktop\coursework\coursework\x64\debug\gameloopstate.obj
c:\users\user\desktop\coursework\coursework\x64\debug\gameloop.obj
c:\users\user\desktop\coursework\coursework\x64\debug\eventmanager.obj
c:\users\user\desktop\coursework\coursework\x64\debug\collectiblemanager.obj
c:\users\user\desktop\coursework\coursework\x64\debug\animationmanager.obj
c:\users\user\desktop\coursework\coursework\x64\debug\inputhandler.obj
c:\users\user\desktop\coursework\coursework\x64\debug\hotkeymanager.obj
c:\users\user\desktop\coursework\coursework\x64\debug\fullscreentoggler.obj
c:\users\user\desktop\coursework\coursework\x64\debug\locationidtracker.obj
c:\users\user\desktop\coursework\coursework\x64\debug\identifiable.obj
c:\users\user\desktop\coursework\coursework\x64\debug\elementidtracker.obj
c:\users\user\desktop\coursework\coursework\x64\debug\gamemaster.obj
c:\users\user\desktop\coursework\coursework\x64\debug\gamefield.obj
c:\users\user\desktop\coursework\coursework\x64\debug\simplesprite.obj
c:\users\user\desktop\coursework\coursework\x64\debug\frameinfocontainer.obj
c:\users\user\desktop\coursework\coursework\x64\debug\animatedsprite.obj
c:\users\user\desktop\coursework\coursework\x64\debug\qtauxiliarytools.obj
c:\users\user\desktop\coursework\coursework\x64\debug\rectangle.obj
c:\users\user\desktop\coursework\coursework\x64\debug\polygon.obj
c:\users\user\desktop\coursework\coursework\x64\debug\line.obj
c:\users\user\desktop\coursework\coursework\x64\debug\gamedatainitialization.obj
c:\users\user\desktop\coursework\coursework\x64\debug\vector2rotation.obj
c:\users\user\desktop\coursework\coursework\x64\debug\trigonometry.obj
c:\users\user\desktop\coursework\coursework\x64\debug\sizeutils.obj
c:\users\user\desktop\coursework\coursework\x64\debug\geomauxiliaryfunc.obj
c:\users\user\desktop\coursework\coursework\x64\debug\collisiontable.obj
c:\users\user\desktop\coursework\coursework\x64\debug\collisionresolution.obj
c:\users\user\desktop\coursework\coursework\x64\debug\collisionmanager.obj
c:\users\user\desktop\coursework\coursework\x64\debug\bulletcasing.obj
c:\users\user\desktop\coursework\x64\debug\coursework.exe
c:\users\user\desktop\coursework\coursework\x64\debug\coursework.ilk
c:\users\user\desktop\coursework\x64\debug\coursework.pdb
c:\users\user\desktop\coursework\coursework\x64\debug\coursework.tlog\cl.command.1.tlog
c:\users\user\desktop\coursework\coursework\x64\debug\coursework.tlog\cl.items.tlog
c:\users\user\desktop\coursework\coursework\x64\debug\coursework.tlog\cl.read.1.tlog
c:\users\user\desktop\coursework\coursework\x64\debug\coursework.tlog\cl.write.1.tlog
c:\users\user\desktop\coursework\coursework\x64\debug\coursework.tlog\link.command.1.tlog
c:\users\user\desktop\coursework\coursework\x64\debug\coursework.tlog\link.read.1.tlog
c:\users\user\desktop\coursework\coursework\x64\debug\coursework.tlog\link.write.1.tlog
