c:\users\user\desktop\coursework\coursework\x64\release\vc143.pdb
c:\users\user\desktop\coursework\coursework\x64\release\entitydamagemanager.obj
c:\users\user\desktop\coursework\coursework\x64\release\entitycreator.obj
c:\users\user\desktop\coursework\coursework\x64\release\entity.obj
c:\users\user\desktop\coursework\coursework\x64\release\bulletcreator.obj
c:\users\user\desktop\coursework\coursework\x64\release\bullet.obj
c:\users\user\desktop\coursework\coursework\x64\release\roomcreator.obj
c:\users\user\desktop\coursework\coursework\x64\release\roomtypegenerator.obj
c:\users\user\desktop\coursework\coursework\x64\release\roomsizemanager.obj
c:\users\user\desktop\coursework\coursework\x64\release\locationtransformation.obj
c:\users\user\desktop\coursework\coursework\x64\release\locationinfo.obj
c:\users\user\desktop\coursework\coursework\x64\release\gamefieldcreator.obj
c:\users\user\desktop\coursework\coursework\x64\release\location.obj
c:\users\user\desktop\coursework\coursework\x64\release\dooropening.obj
c:\users\user\desktop\coursework\coursework\x64\release\boundarycreator.obj
c:\users\user\desktop\coursework\coursework\x64\release\backgroundcreator.obj
c:\users\user\desktop\coursework\coursework\x64\release\replaceableelement.obj
c:\users\user\desktop\coursework\coursework\x64\release\elementcreator.obj
c:\users\user\desktop\coursework\coursework\x64\release\element.obj
c:\users\user\desktop\coursework\coursework\x64\release\additionalfunc.obj
c:\users\user\desktop\coursework\coursework\x64\release\main.obj
c:\users\user\desktop\coursework\coursework\x64\release\gameupdater.obj
c:\users\user\desktop\coursework\coursework\x64\release\gameloopstate.obj
c:\users\user\desktop\coursework\coursework\x64\release\gameloop.obj
c:\users\user\desktop\coursework\coursework\x64\release\eventmanager.obj
c:\users\user\desktop\coursework\coursework\x64\release\inputhandler.obj
c:\users\user\desktop\coursework\coursework\x64\release\hotkeymanager.obj
c:\users\user\desktop\coursework\coursework\x64\release\fullscreentoggler.obj
c:\users\user\desktop\coursework\coursework\x64\release\locationidtracker.obj
c:\users\user\desktop\coursework\coursework\x64\release\identifiable.obj
c:\users\user\desktop\coursework\coursework\x64\release\elementidtracker.obj
c:\users\user\desktop\coursework\coursework\x64\release\gamemaster.obj
c:\users\user\desktop\coursework\coursework\x64\release\gamefield.obj
c:\users\user\desktop\coursework\coursework\x64\release\playerexecutor.obj
c:\users\user\desktop\coursework\coursework\x64\release\bulletexecutor.obj
c:\users\user\desktop\coursework\coursework\x64\release\animationexecutor.obj
c:\users\user\desktop\coursework\coursework\x64\release\wraith.obj
c:\users\user\desktop\coursework\coursework\x64\release\playercreator.obj
c:\users\user\desktop\coursework\coursework\x64\release\player.obj
c:\users\user\desktop\coursework\coursework\x64\release\gun.obj
c:\users\user\desktop\coursework\coursework\x64\release\control.obj
c:\users\user\desktop\coursework\coursework\x64\release\simplesprite.obj
c:\users\user\desktop\coursework\coursework\x64\release\animatedsprite.obj
c:\users\user\desktop\coursework\coursework\x64\release\qtauxiliarytools.obj
c:\users\user\desktop\coursework\coursework\x64\release\rectangle.obj
c:\users\user\desktop\coursework\coursework\x64\release\polygon.obj
c:\users\user\desktop\coursework\coursework\x64\release\vector2rotation.obj
c:\users\user\desktop\coursework\coursework\x64\release\trigonometry.obj
c:\users\user\desktop\coursework\coursework\x64\release\geomauxiliaryfunc.obj
c:\users\user\desktop\coursework\coursework\x64\release\collisiontable.obj
c:\users\user\desktop\coursework\coursework\x64\release\collisionresolution.obj
c:\users\user\desktop\coursework\coursework\x64\release\collisionmanager.obj
c:\users\user\desktop\coursework\coursework\x64\release\collisiondetection.obj
c:\users\user\desktop\coursework\coursework\x64\release\axis.obj
c:\users\user\desktop\coursework\coursework\x64\release\windowparam.obj
c:\users\user\desktop\coursework\coursework\x64\release\statechangerforanimated.obj
c:\users\user\desktop\coursework\coursework\x64\release\spritedrawer.obj
c:\users\user\desktop\coursework\coursework\x64\release\render.obj
c:\users\user\desktop\coursework\coursework\x64\release\coursework.tlog\cl.command.1.tlog
c:\users\user\desktop\coursework\coursework\x64\release\coursework.tlog\cl.read.1.tlog
c:\users\user\desktop\coursework\coursework\x64\release\coursework.tlog\cl.write.1.tlog
c:\users\user\desktop\coursework\coursework\x64\release\coursework.tlog\link.command.1.tlog
c:\users\user\desktop\coursework\coursework\x64\release\coursework.tlog\link.read.1.tlog
c:\users\user\desktop\coursework\coursework\x64\release\coursework.tlog\link.write.1.tlog
